EDA Netlist Writer report for slc3
Sat Oct  3 14:36:12 2015
Quartus II 32-bit Version 13.1.4 Build 182 03/12/2014 SJ Full Version


---------------------
; Table of Contents ;
---------------------
  1. Legal Notice
  2. EDA Netlist Writer Summary
  3. Simulation Settings
  4. Simulation Generated Files
  5. EDA Netlist Writer Messages



----------------
; Legal Notice ;
----------------
Copyright (C) 1991-2014 Altera Corporation
Your use of Altera Corporation's design tools, logic functions 
and other software and tools, and its AMPP partner logic 
functions, and any output files from any of the foregoing 
(including device programming or simulation files), and any 
associated documentation or information are expressly subject 
to the terms and conditions of the Altera Program License 
Subscription Agreement, Altera MegaCore Function License 
Agreement, or other applicable license agreement, including, 
without limitation, that your use is for the sole purpose of 
programming logic devices manufactured by Altera and sold by 
Altera or its authorized distributors.  Please refer to the 
applicable agreement for further details.



+-------------------------------------------------------------------+
; EDA Netlist Writer Summary                                        ;
+---------------------------+---------------------------------------+
; EDA Netlist Writer Status ; Successful - Sat Oct  3 14:36:12 2015 ;
; Revision Name             ; slc3                                  ;
; Top-level Entity Name     ; slc3                                  ;
; Family                    ; Cyclone IV E                          ;
; Simulation Files Creation ; Successful                            ;
+---------------------------+---------------------------------------+


+-------------------------------------------------------------------------------------------------------------------------------------+
; Simulation Settings                                                                                                                 ;
+---------------------------------------------------------------------------------------------------+---------------------------------+
; Option                                                                                            ; Setting                         ;
+---------------------------------------------------------------------------------------------------+---------------------------------+
; Tool Name                                                                                         ; ModelSim-Altera (SystemVerilog) ;
; Generate netlist for functional simulation only                                                   ; Off                             ;
; Time scale                                                                                        ; 1 ps                            ;
; Truncate long hierarchy paths                                                                     ; Off                             ;
; Map illegal HDL characters                                                                        ; Off                             ;
; Flatten buses into individual nodes                                                               ; Off                             ;
; Maintain hierarchy                                                                                ; Off                             ;
; Bring out device-wide set/reset signals as ports                                                  ; Off                             ;
; Enable glitch filtering                                                                           ; Off                             ;
; Do not write top level VHDL entity                                                                ; Off                             ;
; Disable detection of setup and hold time violations in the input registers of bi-directional pins ; Off                             ;
; Architecture name in VHDL output netlist                                                          ; structure                       ;
; Generate third-party EDA tool command script for RTL functional simulation                        ; Off                             ;
; Generate third-party EDA tool command script for gate-level simulation                            ; Off                             ;
+---------------------------------------------------------------------------------------------------+---------------------------------+


+--------------------------------------------------------------------------+
; Simulation Generated Files                                               ;
+--------------------------------------------------------------------------+
; Generated Files                                                          ;
+--------------------------------------------------------------------------+
; /home/wirjo2/slc3/SLC3/simulation/modelsim/slc3_7_1200mv_85c_slow.svo    ;
; /home/wirjo2/slc3/SLC3/simulation/modelsim/slc3_7_1200mv_0c_slow.svo     ;
; /home/wirjo2/slc3/SLC3/simulation/modelsim/slc3_min_1200mv_0c_fast.svo   ;
; /home/wirjo2/slc3/SLC3/simulation/modelsim/slc3.svo                      ;
; /home/wirjo2/slc3/SLC3/simulation/modelsim/slc3_7_1200mv_85c_v_slow.sdo  ;
; /home/wirjo2/slc3/SLC3/simulation/modelsim/slc3_7_1200mv_0c_v_slow.sdo   ;
; /home/wirjo2/slc3/SLC3/simulation/modelsim/slc3_min_1200mv_0c_v_fast.sdo ;
; /home/wirjo2/slc3/SLC3/simulation/modelsim/slc3_v.sdo                    ;
+--------------------------------------------------------------------------+


+-----------------------------+
; EDA Netlist Writer Messages ;
+-----------------------------+
Info: *******************************************************************
Info: Running Quartus II 32-bit EDA Netlist Writer
    Info: Version 13.1.4 Build 182 03/12/2014 SJ Full Version
    Info: Processing started: Sat Oct  3 14:36:06 2015
Info: Command: quartus_eda --read_settings_files=off --write_settings_files=off slc3 -c slc3
Info (204019): Generated file slc3_7_1200mv_85c_slow.svo in folder "/home/wirjo2/slc3/SLC3/simulation/modelsim/" for EDA simulation tool
Info (204019): Generated file slc3_7_1200mv_0c_slow.svo in folder "/home/wirjo2/slc3/SLC3/simulation/modelsim/" for EDA simulation tool
Info (204019): Generated file slc3_min_1200mv_0c_fast.svo in folder "/home/wirjo2/slc3/SLC3/simulation/modelsim/" for EDA simulation tool
Info (204019): Generated file slc3.svo in folder "/home/wirjo2/slc3/SLC3/simulation/modelsim/" for EDA simulation tool
Info (204019): Generated file slc3_7_1200mv_85c_v_slow.sdo in folder "/home/wirjo2/slc3/SLC3/simulation/modelsim/" for EDA simulation tool
Info (204019): Generated file slc3_7_1200mv_0c_v_slow.sdo in folder "/home/wirjo2/slc3/SLC3/simulation/modelsim/" for EDA simulation tool
Info (204019): Generated file slc3_min_1200mv_0c_v_fast.sdo in folder "/home/wirjo2/slc3/SLC3/simulation/modelsim/" for EDA simulation tool
Info (204019): Generated file slc3_v.sdo in folder "/home/wirjo2/slc3/SLC3/simulation/modelsim/" for EDA simulation tool
Info: Quartus II 32-bit EDA Netlist Writer was successful. 0 errors, 0 warnings
    Info: Peak virtual memory: 357 megabytes
    Info: Processing ended: Sat Oct  3 14:36:12 2015
    Info: Elapsed time: 00:00:06
    Info: Total CPU time (on all processors): 00:00:04


